C51 COMPILER V9.60.0.0   MAIN                                                              07/05/2025 22:27:24 PAGE 1   


C51 COMPILER V9.60.0.0, COMPILATION OF MODULE MAIN
OBJECT MODULE PLACED IN main.OBJ
COMPILER INVOKED BY: E:\Keil_v5\C51\BIN\C51.EXE main.c OPTIMIZE(8,SPEED) BROWSE INCDIR(..\USER;..\PWM;..\UATR) DEBUG OBJ
                    -ECTEXTEND TABS(2)

line level    source

   1          
   2          #include <reg52.h>
   3          #include <intrins.h>
   4          #include "sys_define.h"
   5          #include "pwm.h"
   6          #include "uart.h"
   7          
   8          uchar Lamp_OnOff = 1;   //台灯开关标志位
   9          uchar Reaction_OnOff = 0;   //人体感应开关标志位
  10          
  11          sbit Key2 = P2^6;
  12          sbit Key4 = P2^5;
  13          sbit Key5 = P2^4;
  14          sbit Key6 = P2^3;
  15          sbit Reaction = P2^7; 
  16          
  17          void delay_ms(uint z)
  18          {
  19   1        uint x,y;
  20   1        for(x = z; x > 0; x--)
  21   1          for(y = 114; y > 0 ; y--);
  22   1      }
  23          
  24          uchar Key_Scan()
  25          {
  26   1          static uchar Key_up = 1;
  27   1          uchar i;
  28   1          if(Key_up && ( Key5 == 0 ||Key4 == 0 ))
  29   1          {
  30   2              Key_up = 0;
  31   2      //        delay_ms(10);
  32   2      //        if(Key6 == 0) i = 6;
  33   2              if(Key5 == 0) i = 5;
  34   2              if(Key4 == 0) i = 4;
  35   2      //        if(Key2 == 0) i = 2;
  36   2              Uart_SendByte(i+'0');
  37   2              return i;
  38   2          }
  39   1          else if( Key5 == 1 && Key4 == 1)
  40   1          {
  41   2              Key_up = 1;
  42   2          }
  43   1      
  44   1      }
  45          /* Key2 亮度加
  46           * Key4 亮度减
  47           * Key5 开启自动感应功能
  48           * Key6 台灯开关 */
  49          void Function()
  50          {
  51   1          uchar Key = 0;
  52   1          Key = Key_Scan();
  53   1          if(Key)
  54   1          {
C51 COMPILER V9.60.0.0   MAIN                                                              07/05/2025 22:27:24 PAGE 2   

  55   2      //        if(Key == 6)
  56   2      //        {
  57   2      //            if(Lamp_OnOff)
  58   2      //            {
  59   2      //                Lamp_Off();
  60   2      //                Lamp_OnOff = 0;
  61   2      //            }
  62   2      //            else
  63   2      //            {
  64   2      //                Lamp_On();
  65   2      //                Lamp_OnOff = 1;
  66   2      //            }
  67   2      //        }
  68   2      //        if(Lamp_OnOff)
  69   2      //        {
  70   2                  if(Key == 4)
  71   2                      PWM++;
  72   2                  if(Key == 5)
  73   2                      PWM--;
  74   2                  if(PWM > 10)
  75   2                      PWM = 10;
  76   2                  else if(PWM < 1)
  77   2                      PWM = 1;
  78   2                  Uart_SendByte(PWM+'0');
  79   2      //            if(Key == 5)
  80   2      //                Reaction_OnOff = ~Reaction_OnOff;
  81   2      //        }
  82   2          }
  83   1          if(Reaction_OnOff)
  84   1          {
  85   2              if(Reaction)
  86   2                  Lamp_On();
  87   2              else Lamp_Off();
  88   2          }
  89   1      }
  90          
  91          void main()
  92          {
  93   1          char num = 0;
  94   1          UART_init();
  95   1          delay_ms(50);
  96   1          time0_init();
  97   1          Lamp_On();
  98   1          while(1)
  99   1          {
 100   2              Function();
 101   2              delay_ms(50);
 102   2          }
 103   1      }
*** WARNING C291 IN LINE 44 OF main.c: not every exit path returns a value


MODULE INFORMATION:   STATIC OVERLAYABLE
   CODE SIZE        =    191    ----
   CONSTANT SIZE    =   ----    ----
   XDATA SIZE       =   ----    ----
   PDATA SIZE       =   ----    ----
   DATA SIZE        =      3       2
   IDATA SIZE       =   ----    ----
   BIT SIZE         =   ----    ----
END OF MODULE INFORMATION.


C51 COMPILATION COMPLETE.  1 WARNING(S),  0 ERROR(S)
