C51 COMPILER V9.60.0.0   PWM                                                               07/05/2025 22:27:24 PAGE 1   


C51 COMPILER V9.60.0.0, COMPILATION OF MODULE PWM
OBJECT MODULE PLACED IN .\pwm.obj
COMPILER INVOKED BY: E:\Keil_v5\C51\BIN\C51.EXE ..\PWM\pwm.c OPTIMIZE(8,SPEED) BROWSE INCDIR(..\USER;..\PWM;..\UATR) DEB
                    -UG OBJECTEXTEND PRINT(.\pwm.lst) TABS(2) OBJECT(.\pwm.obj)

line level    source

   1          #include <reg52.h>
   2          #include "pwm.h"
   3          
   4          char PWM = 1;  //1-10档位
   5          
   6          void time0_init(void)
   7          {
   8   1          TMOD |= 0x02;   //定时器0 8位自动重装
   9   1          TH0 = 0xc8;
  10   1          TL0 = 0;
  11   1          EA = 1;     //总中断
  12   1          ET0 = 1;    //TIME0 中断
  13   1          TR0 = 1;    //开启定时器0
  14   1          IN2 = 0;
  15   1      }
  16          
  17          /* 关闭台灯 */
  18          void Lamp_Off()
  19          {
  20   1          TR0 = 0;
  21   1          ET0 = 0;
  22   1          IN1 = 0;
  23   1      }
  24          
  25          /*开启台灯 */
  26          void Lamp_On()
  27          {
  28   1          TR0 = 1;
  29   1          ET0 = 1;
  30   1      }
  31          
  32          void time0() interrupt 1    //200us 中断一次 周期1ms PWM频率1KHz
  33          {
  34   1          static unsigned int num = 0;
  35   1          num++;
  36   1          if(num > 9)
  37   1            num = 0;
  38   1          if(num < PWM)
  39   1            IN1 = 1;
  40   1          else IN1 = 0;
  41   1      }
  42          


MODULE INFORMATION:   STATIC OVERLAYABLE
   CODE SIZE        =     95    ----
   CONSTANT SIZE    =   ----    ----
   XDATA SIZE       =   ----    ----
   PDATA SIZE       =   ----    ----
   DATA SIZE        =      3    ----
   IDATA SIZE       =   ----    ----
   BIT SIZE         =   ----    ----
END OF MODULE INFORMATION.


C51 COMPILATION COMPLETE.  0 WARNING(S),  0 ERROR(S)
