C51 COMPILER V9.60.0.0   UART                                                              07/05/2025 22:27:24 PAGE 1   


C51 COMPILER V9.60.0.0, COMPILATION OF MODULE UART
OBJECT MODULE PLACED IN .\Uart.obj
COMPILER INVOKED BY: E:\Keil_v5\C51\BIN\C51.EXE ..\UATR\Uart.c OPTIMIZE(8,SPEED) BROWSE INCDIR(..\USER;..\PWM;..\UATR) D
                    -EBUG OBJECTEXTEND PRINT(.\Uart.lst) TABS(2) OBJECT(.\Uart.obj)

line level    source

   1          #include <reg52.h>
   2          #include "uart.h"
   3          #include "pwm.h"
   4          
   5          extern uchar Lamp_OnOff;
   6          extern uchar Reaction_OnOff;
   7          unsigned char Receive;
   8          
   9          void UART_init(void)
  10          {
  11   1        TMOD |= 0x20;   //T1工作模式2  8位自动重装
  12   1        TH1 = 0xfd;
  13   1        TL1 = 0xfd;   //比特率9600
  14   1        TR1 = 1;    //启动T1定时器
  15   1        SM0 = 0;
  16   1        SM1 = 1;    //串口工作方式1 10位异步
  17   1        REN = 1;    //串口允许接收
  18   1        EA  = 1;    //开总中断
  19   1        ES  = 1;    //串口中断打开
  20   1      }
  21          
  22          void UART(void) interrupt 4
  23          {
  24   1        TR0 = 0;      //关闭定时器中断，防止其影响接收数据
  25   1        ET0 = 0;
  26   1        if(RI)  //检测是否接收完成
  27   1        {
  28   2          Receive = SBUF;   //取出接收缓存器的值
  29   2          RI = 0;
  30   2          switch(Receive)
  31   2          {
  32   3            case 'A': PWM++; break;
  33   3            case 'S': PWM--; break;
  34   3            case 'O': Lamp_On(); Lamp_OnOff = 1; break;
  35   3            case 'F': Lamp_Off(); Lamp_OnOff = 0; break;
  36   3            case 'M': Reaction_OnOff = ~Reaction_OnOff; break;
  37   3            default : break;
  38   3          }
  39   2          if(PWM > 10)
  40   2              PWM = 10;
  41   2          else if(PWM < 1)
  42   2              PWM = 1;
  43   2          SBUF = PWM + '0';       //返回当前档数  
  44   2          while(!TI);
  45   2          TI = 0;
  46   2        }
  47   1        if(Lamp_OnOff)
  48   1        {
  49   2            TR0 = 1;
  50   2            ET0 = 1;
  51   2        }
  52   1      }
  53          
  54          void Send_string(unsigned char *p)
C51 COMPILER V9.60.0.0   UART                                                              07/05/2025 22:27:24 PAGE 2   

  55          {
  56   1          while(*p)
  57   1          {
  58   2              SBUF = *p++;  
  59   2              while(!TI);
  60   2              TI = 0;
  61   2          }
  62   1      }
  63          
  64          void Uart_SendByte(unsigned char num)
  65          {
  66   1          SBUF = num; 
  67   1          while(!TI);
  68   1          TI = 0;
  69   1      }


MODULE INFORMATION:   STATIC OVERLAYABLE
   CODE SIZE        =    243    ----
   CONSTANT SIZE    =   ----    ----
   XDATA SIZE       =   ----    ----
   PDATA SIZE       =   ----    ----
   DATA SIZE        =      1       3
   IDATA SIZE       =   ----    ----
   BIT SIZE         =   ----    ----
END OF MODULE INFORMATION.


C51 COMPILATION COMPLETE.  0 WARNING(S),  0 ERROR(S)
