C51 COMPILER V9.60.0.0   234                                                               07/09/2025 20:44:14 PAGE 1   


C51 COMPILER V9.60.0.0, COMPILATION OF MODULE 234
OBJECT MODULE PLACED IN .\Objects\234.obj
COMPILER INVOKED BY: E:\Keil_v5\C51\BIN\C51.EXE 234.c OPTIMIZE(8,SPEED) BROWSE DEBUG OBJECTEXTEND PRINT(.\Listings\234.l
                    -st) TABS(2) OBJECT(.\Objects\234.obj)

line level    source

   1          #include<reg51.h>
   2          #include<intrins.h>
   3          typedef unsigned int  uint;   
   4          typedef unsigned char uchar;
   5          sbit SDA1=P0^2;//ä¸²è¡Œæ•°æ®è¾“å…¥,å¯¹åº”595çš„14è„šSER
   6          sbit SCL1=P0^1;//ç§»ä½å¯„å­˜å™¨æ—¶é’Ÿè¾“å…¥,å¯¹åº”595çš„11è„šSCK
   7          sbit SCL2=P0^0;//å­˜å‚¨å¯„å­˜å™¨æ—¶é’Ÿè¾“å…¥,å¯¹åº”595çš„12è„šRCK
   8          sbit W1=P0^3;
   9          sbit W2=P0^4;
  10          sbit k1=P1^0;
  11          sbit k2=P1^1;
  12          sbit k3=P1^2;
  13          sbit k4=P1^3;
  14          sbit k5=P1^4;
  15          sbit k6=P1^5;
  16          sbit k7=P1^6;
  17          sbit D1=P2^6;//æ’­æ”¾éŸ³ä¹æ¨¡å¼
  18          sbit D2=P2^7;//å¼¹å¥æ¨¡å¼ 
  19          sbit k8=P3^2;//åŠŸèƒ½åˆ‡æ¢é”®
  20          sbit k9=P3^3;//ä½ŽéŸ³
  21          sbit k10=P3^4;//ä¸­éŸ³
  22          sbit k11=P3^5;//é«˜éŸ³
  23          sbit beep=P2^2;//èœ‚é¸£å™¨æŽ¥å£
  24          uchar code table1[]={   
  25                      0x3F,/*0*/
  26                      0x06,/*1*/
  27                      0x5B,/*2*/
  28                      0x4F,/*3*/
  29                      0x66,/*4*/
  30                      0x6D,/*5*/
  31                      0x7D,/*6*/
  32                      0x07,/*7*/
  33                      0x7F,/*8*/
  34                      0x6F,/*9*/
  35                      0x37,/*N*///ä¸­éŸ³  
  36                      0x38,/*L*///ä½ŽéŸ³
  37                      0x76,/*H*///é«˜éŸ³
  38                      0x79 /*E*/
  39                    };//å…±é˜´æžæ•°ç ç®¡
  40          uchar code table2[]={    
  41                      0xFC,0xFC,0xFD,0xFD,0xFD,0xFD,0xFE,//ä¸­éŸ³
  42                      0xF9,0xF9,0xFA,0xFA,0xFB,0xFB,0xFC,//ä½ŽéŸ³çš„é«˜8ä½
  43                      0xFE,0xFE,0xFE,0xFE,0xFE,0xFE,0xFF,
  44                            };//éŸ³é˜¶é¢‘çŽ‡è¡¨ ä½Žå…«ä½
  45          uchar code table3[]={   
  46                      0x8E,0xED,0x44,0x6B,0xB4,0xF4,0x2D,//ä¸­éŸ³
  47                      0x21,0xDB,0x87,0xD7,0x68,0xE8,0x5B,//ä½ŽéŸ³çš„ä½Ž8ä½
  48                      0x47,0x77,0xA2,0xB6,0xDA,0xFA,0x16,
  49                    };
  50          uchar code table4[]={
  51            13,1,2,3,5,3,1,2,13,  // è®©æˆ‘ä»¬è¡èµ·åŒæ¡¨
  52             1,2,3,5,5,6,2,3,   // å°èˆ¹å„¿æŽ¨å¼€æ³¢æµª
  53             3,5,6,5,6,15,7,6,5,6,3,   // æµ·é¢å€’æ˜ ç€ç¾Žä¸½ç™½å¡”
  54             1,2,3,5,1,13,1,2,3,6,5,   // å››å‘¨
C51 COMPILER V9.60.0.0   234                                                               07/09/2025 20:44:14 PAGE 2   

  55                    }; 
  56          uchar code table5[]={
  57             1,1,1,4,1,1,4,4,    // è®©æˆ‘ä»¬è¡èµ·åŒæ¡¨
  58             1,1,1,4,2,2,3,5,  // å°èˆ¹å„¿æŽ¨å¼€æ³¢æµª
  59             2,2,3,3,2,2,1,1,2,2,3,     // æµ·é¢å€’æ˜ ç€ç¾Žä¸½ç™½å¡”
  60             1,1,3,1,2,2,1,1,1,1,3,    // å››å‘¨çŽ¯ç»•ç€ç»¿æ ‘çº¢å¢™
  61              
  62                      
  63                    };
  64          uchar i;
  65          uchar key,aa=0;
  66          uchar bb,cc;
  67          bit flag=0;
  68          //å»¶æ—¶å­å‡½æ•°
  69          void delay(uint z)
  70          {
  71   1        uint x,y;
  72   1        for(x=z;x>0;x--)
  73   1          for(y=340;y>0;y--);   
  74   1      }
  75          void in(uchar Data)
  76          {
  77   1        uchar i;
  78   1        for(i=0;i<8;i++)   //å¾ªçŽ¯8æ¬¡ï¼Œåˆšå¥½ç§»å®Œ8ä½
  79   1        {
  80   2              Data<<=1;
  81   2            SCL1=CY;
  82   2            SDA1=1;        //å…ˆå°†ç§»ä½å¯„å­˜å™¨æŽ§åˆ¶å¼•è„šç½®ä¸ºä½Ž    
  83   2              _nop_();
  84   2            _nop_();
  85   2              SDA1=0;
  86   2        }
  87   1      }
  88          void out()
  89          {
  90   1        SCL2=0;   //å…ˆå°†å­˜å‚¨å¯„å­˜å™¨å¼•è„šç½®ä¸ºä½Ž
  91   1        _nop_(); 
  92   1        SCL2=1;    //å†ç½®ä¸ºé«˜ï¼Œäº§ç”Ÿç§»ä½æ—¶é’Ÿä¸Šå‡æ²¿ï¼Œä¸Šå‡æ²¿æ—¶ç§»ä½å¯„å­˜å™¨çš„æ•°æ®è¿›å…¥æ•°æ
             -®å­˜å‚¨å¯„å­˜å™¨ï¼Œæ›´æ–°æ˜¾ç¤ºæ•°æ®ã€‚
  93   1        _nop_(); 
  94   1        SCL2=0;
  95   1      }
  96          //åˆå§‹åŒ–å­å‡½æ•°
  97          void init()
  98          {
  99   1        beep=0;
 100   1        D1=1;
 101   1        D2=0;
 102   1        EA=1;//å¼€æ€»ä¸­æ–­
 103   1        TCON=0x01;//å¤–éƒ¨ä¸­æ–­0è®¾ç½®ä¸ºè¾¹æ²¿è§¦å‘
 104   1        EX0=1;//å¼€å¤–éƒ¨ä¸­æ–­0
 105   1        ET0=1;
 106   1        ET1=1;
 107   1        TMOD=0x11;//å®šæ—¶å™¨0,1å·¥ä½œåœ¨å®šæ—¶çŠ¶æ€ï¼Œå‡ä¸ºæ–¹å¼1
 108   1      }
 109          //æ•°ç ç®¡æ˜¾ç¤ºå­å‡½æ•°
 110          void display1()
 111          {
 112   1        in(table1[aa]);  //å†ä¼ æ®µç 
 113   1        out();
 114   1        W1=0;;
 115   1        delay(1);             //å»¶è¿Ÿæ—¶é—´2msä»¥å†…
C51 COMPILER V9.60.0.0   234                                                               07/09/2025 20:44:14 PAGE 3   

 116   1        W1=1;
 117   1        in(table1[cc+1]);  //å†ä¼ æ®µç 
 118   1        out();
 119   1        W2=0;
 120   1        delay(1);             //å»¶è¿Ÿæ—¶é—´2msä»¥å†…
 121   1        W2=1; 
 122   1      }
 123          //é«˜ä½ŽéŸ³é€‰æ‹©å­å‡½æ•°
 124          void yinjie()
 125          {
 126   1        if(k10==0)
 127   1        { 
 128   2          delay(5);
 129   2          if(k10==0)
 130   2          {   
 131   3            aa=10;
 132   3            bb=0;//è¿”å›ž10ä¸ºseg[10]æ˜¾ç¤ºC
 133   3          }
 134   2        }
 135   1        if(k9==0)
 136   1        { 
 137   2          delay(5);
 138   2          if(k9==0)
 139   2          { 
 140   3            aa=11;
 141   3            bb=1;//è¿”å›ž11ä¸ºseg[11]æ˜¾ç¤ºL
 142   3          }
 143   2        }
 144   1        if(k11==0)
 145   1        { 
 146   2          delay(5);
 147   2          if(k11==0)
 148   2          { 
 149   3            aa=12;
 150   3            bb=2;//è¿”å›ž12ä¸ºseg[12]æ˜¾ç¤ºH
 151   3          }
 152   2        }
 153   1        if(aa==0)
 154   1        {
 155   2          aa=13;
 156   2        }
 157   1      }
 158          //æ’­æ”¾éŸ³ä¹å­å‡½æ•°
 159          void display_music()
 160          { 
 161   1        TH0=table2[table4[i]-1];
 162   1        TL0=table3[table4[i]-1];
 163   1        while(flag==0)
 164   1        { 
 165   2          if(i<38)
 166   2          {
 167   3            TR0=1;
 168   3            delay(100*table5[i]);
 169   3            i++;
 170   3          }
 171   2          if(i==38)
 172   2          {
 173   3            i=0;
 174   3          }
 175   2        } 
 176   1      }
 177          //æ¼”å¥æ¨¡å¼å­å‡½æ•°
C51 COMPILER V9.60.0.0   234                                                               07/09/2025 20:44:14 PAGE 4   

 178          void display_play()
 179          {
 180   1        TR0=0;
 181   1        TR1=0;
 182   1        yinjie();
 183   1        in(table1[aa]);  //å†ä¼ æ®µç 
 184   1        out();
 185   1        W1=0;;
 186   1        delay(1);             //å»¶è¿Ÿæ—¶é—´2msä»¥å†…
 187   1        W1=1;
 188   1        if(aa!=13&&flag==1)
 189   1        { 
 190   2          if(k1==0)
 191   2          { 
 192   3            TH1=table2[7*bb+cc];
 193   3            TL1=table3[7*bb+cc];
 194   3            TR1=1;  
 195   3            while(k1==0)
 196   3            { 
 197   4              cc=0;
 198   4              display1();
 199   4            }
 200   3          }
 201   2          if(k2==0)
 202   2          { 
 203   3            TH1=table2[7*bb+cc];
 204   3            TL1=table3[7*bb+cc];
 205   3            TR1=1;
 206   3            while(k2==0)
 207   3            { 
 208   4              cc=1;
 209   4              display1();
 210   4            }
 211   3          } 
 212   2          if(k3==0)
 213   2          {   
 214   3            TH1=table2[7*bb+cc];
 215   3            TL1=table3[7*bb+cc];
 216   3            TR1=1;
 217   3            while(k3==0)
 218   3            { 
 219   4              cc=2;
 220   4              display1();
 221   4            }
 222   3          }
 223   2          if(k4==0)
 224   2          {
 225   3            TH1=table2[7*bb+cc];
 226   3            TL1=table3[7*bb+cc];
 227   3            TR1=1;
 228   3            while(k4==0)
 229   3            { 
 230   4              cc=3;
 231   4              display1();   
 232   4            }
 233   3          }
 234   2          if(k5==0)
 235   2          { 
 236   3            TH1=table2[7*bb+cc];
 237   3            TL1=table3[7*bb+cc];
 238   3            TR1=1;
 239   3            while(k5==0)
C51 COMPILER V9.60.0.0   234                                                               07/09/2025 20:44:14 PAGE 5   

 240   3            {
 241   4              cc=4;
 242   4              display1();
 243   4            }
 244   3          }
 245   2          if(k6==0)
 246   2          { 
 247   3            TH1=table2[7*bb+cc];
 248   3            TL1=table3[7*bb+cc];
 249   3            TR1=1;
 250   3            while(k6==0)
 251   3            {
 252   4              cc=5;
 253   4              display1();             
 254   4            }
 255   3          }
 256   2          if(k7==0)
 257   2          {   
 258   3            TH1=table2[7*bb+cc];
 259   3            TL1=table3[7*bb+cc];
 260   3            TR1=1;  
 261   3            while(k7==0)
 262   3            {
 263   4              cc=6;
 264   4              display1(); 
 265   4            }
 266   3          }   
 267   2        }
 268   1      }
 269          //ä¸»å‡½æ•°
 270          void main()
 271          {
 272   1        init();
 273   1        while(1)
 274   1        { 
 275   2          if(flag==0)
 276   2            display_music();
 277   2          else
 278   2            display_play();
 279   2        }
 280   1      }
 281          //å¤–éƒ¨0ä¸­æ–­å­å‡½æ•°
 282          void wb0() interrupt 0 
 283          {
 284   1        if(k8==0)
 285   1        {
 286   2          delay(5);
 287   2          while(k8==0);
 288   2          flag=~flag;
 289   2          D1=~D1;
 290   2          D2=~D2;
 291   2        }   
 292   1      }
 293          //å®šæ—¶å™¨0ä¸­æ–­å­å‡½æ•°
 294          void t0() interrupt 1
 295          { 
 296   1        TR0=0;
 297   1        TH0=table2[table4[i]-1];
 298   1        TL0=table3[table4[i]-1];
 299   1        beep=~beep;
 300   1        TR0=1;
 301   1      }
C51 COMPILER V9.60.0.0   234                                                               07/09/2025 20:44:14 PAGE 6   

 302          //å®šæ—¶å™¨1ä¸­æ–­å­å‡½æ•°
 303          void t1() interrupt 3
 304          { 
 305   1        TR1=0;
 306   1        TH1=table2[7*bb+cc];
 307   1        TL1=table3[7*bb+cc];
 308   1        beep=~beep;
 309   1        TR1=1;
 310   1      }


MODULE INFORMATION:   STATIC OVERLAYABLE
   CODE SIZE        =   1037    ----
   CONSTANT SIZE    =    133    ----
   XDATA SIZE       =   ----    ----
   PDATA SIZE       =   ----    ----
   DATA SIZE        =      5    ----
   IDATA SIZE       =   ----    ----
   BIT SIZE         =      1    ----
END OF MODULE INFORMATION.


C51 COMPILATION COMPLETE.  0 WARNING(S),  0 ERROR(S)
